This is pdfTeX, Version 3.141592653-2.6-1.40.26 (TeX Live 2024) (preloaded format=pdflatex 2024.8.10)  12 APR 2025 15:14
entering extended mode
 restricted \write18 enabled.
 %&-line parsing enabled.
**portfolio.tex
(./portfolio.tex
LaTeX2e <2023-11-01> patch level 1
L3 programming layer <2024-02-20>
(/usr/local/texlive/2024basic/texmf-dist/tex/latex/base/report.cls
Document Class: report 2023/05/17 v1.4n Standard LaTeX document class
(/usr/local/texlive/2024basic/texmf-dist/tex/latex/base/size12.clo
File: size12.clo 2023/05/17 v1.4n Standard LaTeX file (size option)
)
\c@part=\count188
\c@chapter=\count189
\c@section=\count190
\c@subsection=\count191
\c@subsubsection=\count192
\c@paragraph=\count193
\c@subparagraph=\count194
\c@figure=\count195
\c@table=\count196
\abovecaptionskip=\skip48
\belowcaptionskip=\skip49
\bibindent=\dimen140
)
(/usr/local/texlive/2024basic/texmf-dist/tex/latex/geometry/geometry.sty
Package: geometry 2020/01/02 v5.9 Page Geometry

(/usr/local/texlive/2024basic/texmf-dist/tex/latex/graphics/keyval.sty
Package: keyval 2022/05/29 v1.15 key=value parser (DPC)
\KV@toks@=\toks17
)
(/usr/local/texlive/2024basic/texmf-dist/tex/generic/iftex/ifvtex.sty
Package: ifvtex 2019/10/25 v1.7 ifvtex legacy package. Use iftex instead.

(/usr/local/texlive/2024basic/texmf-dist/tex/generic/iftex/iftex.sty
Package: iftex 2022/02/03 v1.0f TeX engine tests
))
\Gm@cnth=\count197
\Gm@cntv=\count198
\c@Gm@tempcnt=\count199
\Gm@bindingoffset=\dimen141
\Gm@wd@mp=\dimen142
\Gm@odd@mp=\dimen143
\Gm@even@mp=\dimen144
\Gm@layoutwidth=\dimen145
\Gm@layoutheight=\dimen146
\Gm@layouthoffset=\dimen147
\Gm@layoutvoffset=\dimen148
\Gm@dimlist=\toks18
)
(/usr/local/texlive/2024basic/texmf-dist/tex/latex/titlesec/titlesec.sty
Package: titlesec 2023/10/27 v2.16 Sectioning titles
\ttl@box=\box51
\beforetitleunit=\skip50
\aftertitleunit=\skip51
\ttl@plus=\dimen149
\ttl@minus=\dimen150
\ttl@toksa=\toks19
\titlewidth=\dimen151
\titlewidthlast=\dimen152
\titlewidthfirst=\dimen153
)
(/usr/local/texlive/2024basic/texmf-dist/tex/latex/titling/titling.sty
Package: titling 2009/09/04 v2.1d maketitle typesetting
\thanksmarkwidth=\skip52
\thanksmargin=\skip53
\droptitle=\skip54
)
(/usr/local/texlive/2024basic/texmf-dist/tex/latex/hyperref/hyperref.sty
Package: hyperref 2024-01-20 v7.01h Hypertext links for LaTeX

(/usr/local/texlive/2024basic/texmf-dist/tex/latex/kvsetkeys/kvsetkeys.sty
Package: kvsetkeys 2022-10-05 v1.19 Key value parser (HO)
)
(/usr/local/texlive/2024basic/texmf-dist/tex/generic/kvdefinekeys/kvdefinekeys.
sty
Package: kvdefinekeys 2019-12-19 v1.6 Define keys (HO)
)
(/usr/local/texlive/2024basic/texmf-dist/tex/generic/pdfescape/pdfescape.sty
Package: pdfescape 2019/12/09 v1.15 Implements pdfTeX's escape features (HO)

(/usr/local/texlive/2024basic/texmf-dist/tex/generic/ltxcmds/ltxcmds.sty
Package: ltxcmds 2023-12-04 v1.26 LaTeX kernel commands for general use (HO)
)
(/usr/local/texlive/2024basic/texmf-dist/tex/generic/pdftexcmds/pdftexcmds.sty
Package: pdftexcmds 2020-06-27 v0.33 Utility functions of pdfTeX for LuaTeX (HO
)

(/usr/local/texlive/2024basic/texmf-dist/tex/generic/infwarerr/infwarerr.sty
Package: infwarerr 2019/12/03 v1.5 Providing info/warning/error messages (HO)
)
Package pdftexcmds Info: \pdf@primitive is available.
Package pdftexcmds Info: \pdf@ifprimitive is available.
Package pdftexcmds Info: \pdfdraftmode found.
)) (/usr/local/texlive/2024basic/texmf-dist/tex/latex/hycolor/hycolor.sty
Package: hycolor 2020-01-27 v1.10 Color options for hyperref/bookmark (HO)
)
(/usr/local/texlive/2024basic/texmf-dist/tex/latex/auxhook/auxhook.sty
Package: auxhook 2019-12-17 v1.6 Hooks for auxiliary files (HO)
)
(/usr/local/texlive/2024basic/texmf-dist/tex/latex/hyperref/nameref.sty
Package: nameref 2023-11-26 v2.56 Cross-referencing by name of section

(/usr/local/texlive/2024basic/texmf-dist/tex/latex/refcount/refcount.sty
Package: refcount 2019/12/15 v3.6 Data extraction from label references (HO)
)
(/usr/local/texlive/2024basic/texmf-dist/tex/generic/gettitlestring/gettitlestr
ing.sty
Package: gettitlestring 2019/12/15 v1.6 Cleanup title references (HO)

(/usr/local/texlive/2024basic/texmf-dist/tex/latex/kvoptions/kvoptions.sty
Package: kvoptions 2022-06-15 v3.15 Key value format for package options (HO)
))
\c@section@level=\count266
)
(/usr/local/texlive/2024basic/texmf-dist/tex/latex/etoolbox/etoolbox.sty
Package: etoolbox 2020/10/05 v2.5k e-TeX tools for LaTeX (JAW)
\etb@tempcnta=\count267
)
\@linkdim=\dimen154
\Hy@linkcounter=\count268
\Hy@pagecounter=\count269

(/usr/local/texlive/2024basic/texmf-dist/tex/latex/hyperref/pd1enc.def
File: pd1enc.def 2024-01-20 v7.01h Hyperref: PDFDocEncoding definition (HO)
Now handling font encoding PD1 ...
... no UTF-8 mapping file for font encoding PD1
)
(/usr/local/texlive/2024basic/texmf-dist/tex/generic/intcalc/intcalc.sty
Package: intcalc 2019/12/15 v1.3 Expandable calculations with integers (HO)
)
\Hy@SavedSpaceFactor=\count270

(/usr/local/texlive/2024basic/texmf-dist/tex/latex/hyperref/puenc.def
File: puenc.def 2024-01-20 v7.01h Hyperref: PDF Unicode definition (HO)
Now handling font encoding PU ...
... no UTF-8 mapping file for font encoding PU
)
Package hyperref Info: Hyper figures OFF on input line 4179.
Package hyperref Info: Link nesting OFF on input line 4184.
Package hyperref Info: Hyper index ON on input line 4187.
Package hyperref Info: Plain pages OFF on input line 4194.
Package hyperref Info: Backreferencing OFF on input line 4199.
Package hyperref Info: Implicit mode ON; LaTeX internals redefined.
Package hyperref Info: Bookmarks ON on input line 4446.
\c@Hy@tempcnt=\count271

(/usr/local/texlive/2024basic/texmf-dist/tex/latex/url/url.sty
\Urlmuskip=\muskip16
Package: url 2013/09/16  ver 3.4  Verb mode for urls, etc.
)
LaTeX Info: Redefining \url on input line 4784.
\XeTeXLinkMargin=\dimen155

(/usr/local/texlive/2024basic/texmf-dist/tex/generic/bitset/bitset.sty
Package: bitset 2019/12/09 v1.3 Handle bit-vector datatype (HO)

(/usr/local/texlive/2024basic/texmf-dist/tex/generic/bigintcalc/bigintcalc.sty
Package: bigintcalc 2019/12/15 v1.5 Expandable calculations on big integers (HO
)
))
\Fld@menulength=\count272
\Field@Width=\dimen156
\Fld@charsize=\dimen157
Package hyperref Info: Hyper figures OFF on input line 6063.
Package hyperref Info: Link nesting OFF on input line 6068.
Package hyperref Info: Hyper index ON on input line 6071.
Package hyperref Info: backreferencing OFF on input line 6078.
Package hyperref Info: Link coloring OFF on input line 6083.
Package hyperref Info: Link coloring with OCG OFF on input line 6088.
Package hyperref Info: PDF/A mode OFF on input line 6093.
 (/usr/local/texlive/2024basic/texmf-dist/tex/latex/base/atbegshi-ltx.sty
Package: atbegshi-ltx 2021/01/10 v1.0c Emulation of the original atbegshi
package with kernel methods
)
\Hy@abspage=\count273
\c@Item=\count274
\c@Hfootnote=\count275
)
Package hyperref Info: Driver (autodetected): hpdftex.

(/usr/local/texlive/2024basic/texmf-dist/tex/latex/hyperref/hpdftex.def
File: hpdftex.def 2024-01-20 v7.01h Hyperref driver for pdfTeX

(/usr/local/texlive/2024basic/texmf-dist/tex/latex/base/atveryend-ltx.sty
Package: atveryend-ltx 2020/08/19 v1.0a Emulation of the original atveryend pac
kage
with kernel methods
)
\Fld@listcount=\count276
\c@bookmark@seq@number=\count277

(/usr/local/texlive/2024basic/texmf-dist/tex/latex/rerunfilecheck/rerunfilechec
k.sty
Package: rerunfilecheck 2022-07-10 v1.10 Rerun checks for auxiliary files (HO)

(/usr/local/texlive/2024basic/texmf-dist/tex/generic/uniquecounter/uniquecounte
r.sty
Package: uniquecounter 2019/12/15 v1.4 Provide unlimited unique counter (HO)
)
Package uniquecounter Info: New unique counter `rerunfilecheck' on input line 2
85.
)
\Hy@SectionHShift=\skip55
)
(/usr/local/texlive/2024basic/texmf-dist/tex/latex/pdfpages/pdfpages.sty
Package: pdfpages 2024/01/21 v0.5y Insert pages of external PDF documents (AM)

(/usr/local/texlive/2024basic/texmf-dist/tex/latex/base/ifthen.sty
Package: ifthen 2022/04/13 v1.1d Standard LaTeX ifthen package (DPC)
)
(/usr/local/texlive/2024basic/texmf-dist/tex/latex/tools/calc.sty
Package: calc 2023/07/08 v4.3 Infix arithmetic (KKT,FJ)
\calc@Acount=\count278
\calc@Bcount=\count279
\calc@Adimen=\dimen158
\calc@Bdimen=\dimen159
\calc@Askip=\skip56
\calc@Bskip=\skip57
LaTeX Info: Redefining \setlength on input line 80.
LaTeX Info: Redefining \addtolength on input line 81.
\calc@Ccount=\count280
\calc@Cskip=\skip58
)
(/usr/local/texlive/2024basic/texmf-dist/tex/latex/eso-pic/eso-pic.sty
Package: eso-pic 2023/05/03 v3.0c eso-pic (RN)
\ESO@tempdima=\dimen160
\ESO@tempdimb=\dimen161

(/usr/local/texlive/2024basic/texmf-dist/tex/latex/xcolor/xcolor.sty
Package: xcolor 2023/11/15 v3.01 LaTeX color extensions (UK)

(/usr/local/texlive/2024basic/texmf-dist/tex/latex/graphics-cfg/color.cfg
File: color.cfg 2016/01/02 v1.6 sample color configuration
)
Package xcolor Info: Driver file: pdftex.def on input line 274.

(/usr/local/texlive/2024basic/texmf-dist/tex/latex/graphics-def/pdftex.def
File: pdftex.def 2022/09/22 v1.2b Graphics/color driver for pdftex
)
(/usr/local/texlive/2024basic/texmf-dist/tex/latex/graphics/mathcolor.ltx)
Package xcolor Info: Model `cmy' substituted by `cmy0' on input line 1350.
Package xcolor Info: Model `hsb' substituted by `rgb' on input line 1354.
Package xcolor Info: Model `RGB' extended on input line 1366.
Package xcolor Info: Model `HTML' substituted by `rgb' on input line 1368.
Package xcolor Info: Model `Hsb' substituted by `hsb' on input line 1369.
Package xcolor Info: Model `tHsb' substituted by `hsb' on input line 1370.
Package xcolor Info: Model `HSB' substituted by `hsb' on input line 1371.
Package xcolor Info: Model `Gray' substituted by `gray' on input line 1372.
Package xcolor Info: Model `wave' substituted by `hsb' on input line 1373.
))
(/usr/local/texlive/2024basic/texmf-dist/tex/latex/graphics/graphicx.sty
Package: graphicx 2021/09/16 v1.2d Enhanced LaTeX Graphics (DPC,SPQR)

(/usr/local/texlive/2024basic/texmf-dist/tex/latex/graphics/graphics.sty
Package: graphics 2022/03/10 v1.4e Standard LaTeX Graphics (DPC,SPQR)

(/usr/local/texlive/2024basic/texmf-dist/tex/latex/graphics/trig.sty
Package: trig 2021/08/11 v1.11 sin cos tan (DPC)
)
(/usr/local/texlive/2024basic/texmf-dist/tex/latex/graphics-cfg/graphics.cfg
File: graphics.cfg 2016/06/04 v1.11 sample graphics configuration
)
Package graphics Info: Driver file: pdftex.def on input line 107.
)
\Gin@req@height=\dimen162
\Gin@req@width=\dimen163
)
\AM@pagewidth=\dimen164
\AM@pageheight=\dimen165
\AM@fboxrule=\dimen166
(/usr/local/texlive/2024basic/texmf-dist/tex/latex/pdfpages/pppdftex.def
File: pppdftex.def 2024/01/21 v0.5y Pdfpages driver for pdfTeX (AM)
)
\pdfpages@includegraphics@status=\count281
\AM@pagebox=\box52
\AM@global@opts=\toks20
\AM@pagecnt=\count282
\AM@toc@title=\toks21
\AM@lof@heading=\toks22
\c@AM@survey=\count283
\AM@templatesizebox=\box53
)
(/usr/local/texlive/2024basic/texmf-dist/tex/latex/fancyhdr/fancyhdr.sty
Package: fancyhdr 2022/11/09 v4.1 Extensive control of page headers and footers

\f@nch@headwidth=\skip59
\f@nch@O@elh=\skip60
\f@nch@O@erh=\skip61
\f@nch@O@olh=\skip62
\f@nch@O@orh=\skip63
\f@nch@O@elf=\skip64
\f@nch@O@erf=\skip65
\f@nch@O@olf=\skip66
\f@nch@O@orf=\skip67
)
(/usr/local/texlive/2024basic/texmf-dist/tex/latex/lastpage/lastpage.sty
Package: lastpage 2024/11/24 v2.1d lastpage: 2.09 or 2e? (HMM)

(/usr/local/texlive/2024basic/texmf-dist/tex/latex/lastpage/lastpage2e.sty
Package: lastpage2e 2024/11/24 v2.1d Decide which 2e lastpage version to use (H
MM)

(/usr/local/texlive/2024basic/texmf-dist/tex/latex/lastpage/lastpageclassic.sty
Package: lastpageclassic 2024/11/24 v2.1d Refers to last page's name (HMM; JPG)

) 
)) (/usr/local/texlive/2024basic/texmf-dist/tex/latex/enumitem/enumitem.sty
Package: enumitem 2019/06/20 v3.9 Customized lists
\labelindent=\skip68
\enit@outerparindent=\dimen167
\enit@toks=\toks23
\enit@inbox=\box54
\enit@count@id=\count284
\enitdp@description=\count285
)
(/usr/local/texlive/2024basic/texmf-dist/tex/latex/l3backend/l3backend-pdftex.d
ef
File: l3backend-pdftex.def 2024-02-20 L3 backend support: PDF output (pdfTeX)
\l__color_backend_stack_int=\count286
\l__pdf_internal_box=\box55
) (./portfolio.aux)
\openout1 = `portfolio.aux'.

LaTeX Font Info:    Checking defaults for OML/cmm/m/it on input line 49.
LaTeX Font Info:    ... okay on input line 49.
LaTeX Font Info:    Checking defaults for OMS/cmsy/m/n on input line 49.
LaTeX Font Info:    ... okay on input line 49.
LaTeX Font Info:    Checking defaults for OT1/cmr/m/n on input line 49.
LaTeX Font Info:    ... okay on input line 49.
LaTeX Font Info:    Checking defaults for T1/cmr/m/n on input line 49.
LaTeX Font Info:    ... okay on input line 49.
LaTeX Font Info:    Checking defaults for TS1/cmr/m/n on input line 49.
LaTeX Font Info:    ... okay on input line 49.
LaTeX Font Info:    Checking defaults for OMX/cmex/m/n on input line 49.
LaTeX Font Info:    ... okay on input line 49.
LaTeX Font Info:    Checking defaults for U/cmr/m/n on input line 49.
LaTeX Font Info:    ... okay on input line 49.
LaTeX Font Info:    Checking defaults for PD1/pdf/m/n on input line 49.
LaTeX Font Info:    ... okay on input line 49.
LaTeX Font Info:    Checking defaults for PU/pdf/m/n on input line 49.
LaTeX Font Info:    ... okay on input line 49.

*geometry* driver: auto-detecting
*geometry* detected driver: pdftex
*geometry* verbose mode - [ preamble ] result:
* driver: pdftex
* paper: letterpaper
* layout: <same size as paper>
* layoutoffset:(h,v)=(0.0pt,0.0pt)
* modes: 
* h-part:(L,W,R)=(72.26999pt, 469.75502pt, 72.26999pt)
* v-part:(T,H,B)=(72.26999pt, 650.43001pt, 72.26999pt)
* \paperwidth=614.295pt
* \paperheight=794.96999pt
* \textwidth=469.75502pt
* \textheight=650.43001pt
* \oddsidemargin=0.0pt
* \evensidemargin=0.0pt
* \topmargin=-37.0pt
* \headheight=12.0pt
* \headsep=25.0pt
* \topskip=12.0pt
* \footskip=30.0pt
* \marginparwidth=44.0pt
* \marginparsep=10.0pt
* \columnsep=10.0pt
* \skip\footins=10.8pt plus 4.0pt minus 2.0pt
* \hoffset=0.0pt
* \voffset=0.0pt
* \mag=1000
* \@twocolumnfalse
* \@twosidefalse
* \@mparswitchfalse
* \@reversemarginfalse
* (1in=72.27pt=25.4mm, 1cm=28.453pt)

Package hyperref Info: Link coloring OFF on input line 49.
(./portfolio.out) (./portfolio.out)
\@outlinefile=\write3
\openout3 = `portfolio.out'.


(/usr/local/texlive/2024basic/texmf-dist/tex/context/base/mkii/supp-pdf.mkii
[Loading MPS to PDF converter (version 2006.09.02).]
\scratchcounter=\count287
\scratchdimen=\dimen168
\scratchbox=\box56
\nofMPsegments=\count288
\nofMParguments=\count289
\everyMPshowfont=\toks24
\MPscratchCnt=\count290
\MPscratchDim=\dimen169
\MPnumerator=\count291
\makeMPintoPDFobject=\count292
\everyMPtoPDFconversion=\toks25
)
(/usr/local/texlive/2024basic/texmf-dist/tex/latex/epstopdf-pkg/epstopdf-base.s
ty
Package: epstopdf-base 2020-01-24 v2.11 Base part for package epstopdf
Package epstopdf-base Info: Redefining graphics rule for `.eps' on input line 4
85.

(/usr/local/texlive/2024basic/texmf-dist/tex/latex/latexconfig/epstopdf-sys.cfg
File: epstopdf-sys.cfg 2010/07/13 v1.3 Configuration of (r)epstopdf for TeX Liv
e
)) (/usr/local/texlive/2024basic/texmf-dist/tex/latex/pdflscape/pdflscape.sty
Package: pdflscape 2022-10-27 v0.13 Display of landscape pages in PDF

(/usr/local/texlive/2024basic/texmf-dist/tex/latex/pdflscape/pdflscape-nometada
ta.sty
Package: pdflscape-nometadata 2022-10-28 v0.13 Display of landscape pages in PD
F (HO)
 (/usr/local/texlive/2024basic/texmf-dist/tex/latex/graphics/lscape.sty
Package: lscape 2020/05/28 v3.02 Landscape Pages (DPC)
)
Package pdflscape Info: Auto-detected driver: pdftex on input line 81.
))
<vanderbilt_logo.pdf, id=116, 137.99756pt x 113.32439pt>
File: vanderbilt_logo.pdf Graphic file (type pdf)
<use vanderbilt_logo.pdf>
Package pdftex.def Info: vanderbilt_logo.pdf  used on input line 55.
(pdftex.def)             Requested size: 140.92793pt x 115.7415pt.
 [1

{/usr/local/texlive/2024basic/texmf-var/fonts/map/pdftex/updmap/pdftex.map} <./
vanderbilt_logo.pdf>] (./portfolio.toc
LaTeX Font Info:    External font `cmex10' loaded for size
(Font)              <12> on input line 2.
LaTeX Font Info:    External font `cmex10' loaded for size
(Font)              <8> on input line 2.
LaTeX Font Info:    External font `cmex10' loaded for size
(Font)              <6> on input line 2.
)
\tf@toc=\write4
\openout4 = `portfolio.toc'.


pdfTeX warning (ext4): destination with the same identifier (name{page.1}) has 
been already used, duplicate ignored
<to be read again> 
                   \relax 
l.96 \clearpage
                [1

] [2


]
Chapter 1.


pdfTeX warning: pdflatex (file ./spring2025transcript.pdf): PDF inclusion: foun
d PDF version <1.6>, but at most version <1.5> allowed
<spring2025transcript.pdf, id=164, 614.295pt x 794.97pt>
File: spring2025transcript.pdf Graphic file (type pdf)
<use spring2025transcript.pdf>
Package pdftex.def Info: spring2025transcript.pdf  used on input line 117.
(pdftex.def)             Requested size: 614.29349pt x 794.96806pt.


pdfTeX warning: pdflatex (file ./spring2025transcript.pdf): PDF inclusion: foun
d PDF version <1.6>, but at most version <1.5> allowed
File: spring2025transcript.pdf Graphic file (type pdf)
<use spring2025transcript.pdf>
Package pdftex.def Info: spring2025transcript.pdf  used on input line 117.
(pdftex.def)             Requested size: 614.29349pt x 794.96806pt.


pdfTeX warning: pdflatex (file ./spring2025transcript.pdf): PDF inclusion: foun
d PDF version <1.6>, but at most version <1.5> allowed


pdfTeX warning: pdflatex (file ./spring2025transcript.pdf): PDF inclusion: foun
d PDF version <1.6>, but at most version <1.5> allowed
<spring2025transcript.pdf, id=167, page=1, 614.295pt x 794.97pt>
File: spring2025transcript.pdf Graphic file (type pdf)
<use spring2025transcript.pdf, page 1>
Package pdftex.def Info: spring2025transcript.pdf , page1 used on input line 11
7.
(pdftex.def)             Requested size: 614.29349pt x 794.96806pt.
File: spring2025transcript.pdf Graphic file (type pdf)
<use spring2025transcript.pdf, page 1>
Package pdftex.def Info: spring2025transcript.pdf , page1 used on input line 11
7.
(pdftex.def)             Requested size: 614.29349pt x 794.96806pt.
[3


]
File: spring2025transcript.pdf Graphic file (type pdf)
<use spring2025transcript.pdf, page 1>
Package pdftex.def Info: spring2025transcript.pdf , page1 used on input line 11
7.
(pdftex.def)             Requested size: 614.29349pt x 794.96806pt.
File: spring2025transcript.pdf Graphic file (type pdf)
<use spring2025transcript.pdf, page 1>
Package pdftex.def Info: spring2025transcript.pdf , page1 used on input line 11
7.
(pdftex.def)             Requested size: 614.29349pt x 794.96806pt.
File: spring2025transcript.pdf Graphic file (type pdf)
<use spring2025transcript.pdf, page 1>
Package pdftex.def Info: spring2025transcript.pdf , page1 used on input line 11
7.
(pdftex.def)             Requested size: 614.29349pt x 794.96806pt.
 [4

 <./spring2025transcript.pdf>]

pdfTeX warning: pdflatex (file ./spring2025transcript.pdf): PDF inclusion: foun
d PDF version <1.6>, but at most version <1.5> allowed
<spring2025transcript.pdf, id=197, page=2, 614.295pt x 794.97pt>
File: spring2025transcript.pdf Graphic file (type pdf)
<use spring2025transcript.pdf, page 2>
Package pdftex.def Info: spring2025transcript.pdf , page2 used on input line 11
7.
(pdftex.def)             Requested size: 614.29349pt x 794.96806pt.
File: spring2025transcript.pdf Graphic file (type pdf)
<use spring2025transcript.pdf, page 2>
Package pdftex.def Info: spring2025transcript.pdf , page2 used on input line 11
7.
(pdftex.def)             Requested size: 614.29349pt x 794.96806pt.
File: spring2025transcript.pdf Graphic file (type pdf)
<use spring2025transcript.pdf, page 2>
Package pdftex.def Info: spring2025transcript.pdf , page2 used on input line 11
7.
(pdftex.def)             Requested size: 614.29349pt x 794.96806pt.
[5

 <./spring2025transcript.pdf>]

pdfTeX warning: pdflatex (file ./spring2025transcript.pdf): PDF inclusion: foun
d PDF version <1.6>, but at most version <1.5> allowed
<spring2025transcript.pdf, id=202, page=3, 614.295pt x 794.97pt>
File: spring2025transcript.pdf Graphic file (type pdf)
<use spring2025transcript.pdf, page 3>
Package pdftex.def Info: spring2025transcript.pdf , page3 used on input line 11
7.
(pdftex.def)             Requested size: 614.29349pt x 794.96806pt.
File: spring2025transcript.pdf Graphic file (type pdf)
<use spring2025transcript.pdf, page 3>
Package pdftex.def Info: spring2025transcript.pdf , page3 used on input line 11
7.
(pdftex.def)             Requested size: 614.29349pt x 794.96806pt.
File: spring2025transcript.pdf Graphic file (type pdf)
<use spring2025transcript.pdf, page 3>
Package pdftex.def Info: spring2025transcript.pdf , page3 used on input line 11
7.
(pdftex.def)             Requested size: 614.29349pt x 794.96806pt.
[6

 <./spring2025transcript.pdf>] [7

]
Chapter 2.
[8


] [9] [10

]
Chapter 3.


pdfTeX warning: pdflatex (file ./Haoli_Yin_CV_2025.pdf): PDF inclusion: found P
DF version <1.7>, but at most version <1.5> allowed
<Haoli_Yin_CV_2025.pdf, id=224, 614.295pt x 794.97pt>
File: Haoli_Yin_CV_2025.pdf Graphic file (type pdf)
<use Haoli_Yin_CV_2025.pdf>
Package pdftex.def Info: Haoli_Yin_CV_2025.pdf  used on input line 149.
(pdftex.def)             Requested size: 614.29349pt x 794.96806pt.


pdfTeX warning: pdflatex (file ./Haoli_Yin_CV_2025.pdf): PDF inclusion: found P
DF version <1.7>, but at most version <1.5> allowed
File: Haoli_Yin_CV_2025.pdf Graphic file (type pdf)
<use Haoli_Yin_CV_2025.pdf>
Package pdftex.def Info: Haoli_Yin_CV_2025.pdf  used on input line 149.
(pdftex.def)             Requested size: 614.29349pt x 794.96806pt.


pdfTeX warning: pdflatex (file ./Haoli_Yin_CV_2025.pdf): PDF inclusion: found P
DF version <1.7>, but at most version <1.5> allowed


pdfTeX warning: pdflatex (file ./Haoli_Yin_CV_2025.pdf): PDF inclusion: found P
DF version <1.7>, but at most version <1.5> allowed
<Haoli_Yin_CV_2025.pdf, id=227, page=1, 614.295pt x 794.97pt>
File: Haoli_Yin_CV_2025.pdf Graphic file (type pdf)
<use Haoli_Yin_CV_2025.pdf, page 1>
Package pdftex.def Info: Haoli_Yin_CV_2025.pdf , page1 used on input line 149.
(pdftex.def)             Requested size: 614.29349pt x 794.96806pt.
File: Haoli_Yin_CV_2025.pdf Graphic file (type pdf)
<use Haoli_Yin_CV_2025.pdf, page 1>
Package pdftex.def Info: Haoli_Yin_CV_2025.pdf , page1 used on input line 149.
(pdftex.def)             Requested size: 614.29349pt x 794.96806pt.
[11


]
File: Haoli_Yin_CV_2025.pdf Graphic file (type pdf)
<use Haoli_Yin_CV_2025.pdf, page 1>
Package pdftex.def Info: Haoli_Yin_CV_2025.pdf , page1 used on input line 149.
(pdftex.def)             Requested size: 614.29349pt x 794.96806pt.
File: Haoli_Yin_CV_2025.pdf Graphic file (type pdf)
<use Haoli_Yin_CV_2025.pdf, page 1>
Package pdftex.def Info: Haoli_Yin_CV_2025.pdf , page1 used on input line 149.
(pdftex.def)             Requested size: 614.29349pt x 794.96806pt.
File: Haoli_Yin_CV_2025.pdf Graphic file (type pdf)
<use Haoli_Yin_CV_2025.pdf, page 1>
Package pdftex.def Info: Haoli_Yin_CV_2025.pdf , page1 used on input line 149.
(pdftex.def)             Requested size: 614.29349pt x 794.96806pt.
 [12

 <./Haoli_Yin_CV_2025.pdf>]

pdfTeX warning: pdflatex (file ./Haoli_Yin_CV_2025.pdf): PDF inclusion: found P
DF version <1.7>, but at most version <1.5> allowed
<Haoli_Yin_CV_2025.pdf, id=280, page=2, 614.295pt x 794.97pt>
File: Haoli_Yin_CV_2025.pdf Graphic file (type pdf)
<use Haoli_Yin_CV_2025.pdf, page 2>
Package pdftex.def Info: Haoli_Yin_CV_2025.pdf , page2 used on input line 149.
(pdftex.def)             Requested size: 614.29349pt x 794.96806pt.
File: Haoli_Yin_CV_2025.pdf Graphic file (type pdf)
<use Haoli_Yin_CV_2025.pdf, page 2>
Package pdftex.def Info: Haoli_Yin_CV_2025.pdf , page2 used on input line 149.
(pdftex.def)             Requested size: 614.29349pt x 794.96806pt.
File: Haoli_Yin_CV_2025.pdf Graphic file (type pdf)
<use Haoli_Yin_CV_2025.pdf, page 2>
Package pdftex.def Info: Haoli_Yin_CV_2025.pdf , page2 used on input line 149.
(pdftex.def)             Requested size: 614.29349pt x 794.96806pt.
[13

 <./Haoli_Yin_CV_2025.pdf>]

pdfTeX warning: pdflatex (file ./Haoli_Yin_CV_2025.pdf): PDF inclusion: found P
DF version <1.7>, but at most version <1.5> allowed
<Haoli_Yin_CV_2025.pdf, id=286, page=3, 614.295pt x 794.97pt>
File: Haoli_Yin_CV_2025.pdf Graphic file (type pdf)
<use Haoli_Yin_CV_2025.pdf, page 3>
Package pdftex.def Info: Haoli_Yin_CV_2025.pdf , page3 used on input line 149.
(pdftex.def)             Requested size: 614.29349pt x 794.96806pt.
File: Haoli_Yin_CV_2025.pdf Graphic file (type pdf)
<use Haoli_Yin_CV_2025.pdf, page 3>
Package pdftex.def Info: Haoli_Yin_CV_2025.pdf , page3 used on input line 149.
(pdftex.def)             Requested size: 614.29349pt x 794.96806pt.
File: Haoli_Yin_CV_2025.pdf Graphic file (type pdf)
<use Haoli_Yin_CV_2025.pdf, page 3>
Package pdftex.def Info: Haoli_Yin_CV_2025.pdf , page3 used on input line 149.
(pdftex.def)             Requested size: 614.29349pt x 794.96806pt.
[14

 <./Haoli_Yin_CV_2025.pdf>]

pdfTeX warning: pdflatex (file ./Haoli_Yin_CV_2025.pdf): PDF inclusion: found P
DF version <1.7>, but at most version <1.5> allowed
<Haoli_Yin_CV_2025.pdf, id=301, page=4, 614.295pt x 794.97pt>
File: Haoli_Yin_CV_2025.pdf Graphic file (type pdf)
<use Haoli_Yin_CV_2025.pdf, page 4>
Package pdftex.def Info: Haoli_Yin_CV_2025.pdf , page4 used on input line 149.
(pdftex.def)             Requested size: 614.29349pt x 794.96806pt.
File: Haoli_Yin_CV_2025.pdf Graphic file (type pdf)
<use Haoli_Yin_CV_2025.pdf, page 4>
Package pdftex.def Info: Haoli_Yin_CV_2025.pdf , page4 used on input line 149.
(pdftex.def)             Requested size: 614.29349pt x 794.96806pt.
File: Haoli_Yin_CV_2025.pdf Graphic file (type pdf)
<use Haoli_Yin_CV_2025.pdf, page 4>
Package pdftex.def Info: Haoli_Yin_CV_2025.pdf , page4 used on input line 149.
(pdftex.def)             Requested size: 614.29349pt x 794.96806pt.
[15

 <./Haoli_Yin_CV_2025.pdf>] [16

]
Chapter 4.
[17


]
<ume-fakenews.pdf, id=320, 614.295pt x 794.97pt>
File: ume-fakenews.pdf Graphic file (type pdf)
<use ume-fakenews.pdf>
Package pdftex.def Info: ume-fakenews.pdf  used on input line 202.
(pdftex.def)             Requested size: 614.29349pt x 794.96806pt.
File: ume-fakenews.pdf Graphic file (type pdf)
<use ume-fakenews.pdf>
Package pdftex.def Info: ume-fakenews.pdf  used on input line 202.
(pdftex.def)             Requested size: 614.29349pt x 794.96806pt.
<ume-fakenews.pdf, id=323, page=1, 614.295pt x 794.97pt>
File: ume-fakenews.pdf Graphic file (type pdf)
<use ume-fakenews.pdf, page 1>
Package pdftex.def Info: ume-fakenews.pdf , page1 used on input line 202.
(pdftex.def)             Requested size: 614.29349pt x 794.96806pt.
File: ume-fakenews.pdf Graphic file (type pdf)
<use ume-fakenews.pdf, page 1>
Package pdftex.def Info: ume-fakenews.pdf , page1 used on input line 202.
(pdftex.def)             Requested size: 614.29349pt x 794.96806pt.
 [18]
File: ume-fakenews.pdf Graphic file (type pdf)
<use ume-fakenews.pdf, page 1>
Package pdftex.def Info: ume-fakenews.pdf , page1 used on input line 202.
(pdftex.def)             Requested size: 614.29349pt x 794.96806pt.
File: ume-fakenews.pdf Graphic file (type pdf)
<use ume-fakenews.pdf, page 1>
Package pdftex.def Info: ume-fakenews.pdf , page1 used on input line 202.
(pdftex.def)             Requested size: 614.29349pt x 794.96806pt.
File: ume-fakenews.pdf Graphic file (type pdf)
<use ume-fakenews.pdf, page 1>
Package pdftex.def Info: ume-fakenews.pdf , page1 used on input line 202.
(pdftex.def)             Requested size: 614.29349pt x 794.96806pt.
 [19

 <./ume-fakenews.pdf>]
<ume-fakenews.pdf, id=359, page=2, 614.295pt x 794.97pt>
File: ume-fakenews.pdf Graphic file (type pdf)
<use ume-fakenews.pdf, page 2>
Package pdftex.def Info: ume-fakenews.pdf , page2 used on input line 202.
(pdftex.def)             Requested size: 614.29349pt x 794.96806pt.
File: ume-fakenews.pdf Graphic file (type pdf)
<use ume-fakenews.pdf, page 2>
Package pdftex.def Info: ume-fakenews.pdf , page2 used on input line 202.
(pdftex.def)             Requested size: 614.29349pt x 794.96806pt.
File: ume-fakenews.pdf Graphic file (type pdf)
<use ume-fakenews.pdf, page 2>
Package pdftex.def Info: ume-fakenews.pdf , page2 used on input line 202.
(pdftex.def)             Requested size: 614.29349pt x 794.96806pt.
 [20

 <./ume-fakenews.pdf>]
<ume-fakenews.pdf, id=364, page=3, 614.295pt x 794.97pt>
File: ume-fakenews.pdf Graphic file (type pdf)
<use ume-fakenews.pdf, page 3>
Package pdftex.def Info: ume-fakenews.pdf , page3 used on input line 202.
(pdftex.def)             Requested size: 614.29349pt x 794.96806pt.
File: ume-fakenews.pdf Graphic file (type pdf)
<use ume-fakenews.pdf, page 3>
Package pdftex.def Info: ume-fakenews.pdf , page3 used on input line 202.
(pdftex.def)             Requested size: 614.29349pt x 794.96806pt.
File: ume-fakenews.pdf Graphic file (type pdf)
<use ume-fakenews.pdf, page 3>
Package pdftex.def Info: ume-fakenews.pdf , page3 used on input line 202.
(pdftex.def)             Requested size: 614.29349pt x 794.96806pt.
 [21

 <./ume-fakenews.pdf>]
<ume-fakenews.pdf, id=406, page=4, 614.295pt x 794.97pt>
File: ume-fakenews.pdf Graphic file (type pdf)
<use ume-fakenews.pdf, page 4>
Package pdftex.def Info: ume-fakenews.pdf , page4 used on input line 202.
(pdftex.def)             Requested size: 614.29349pt x 794.96806pt.
File: ume-fakenews.pdf Graphic file (type pdf)
<use ume-fakenews.pdf, page 4>
Package pdftex.def Info: ume-fakenews.pdf , page4 used on input line 202.
(pdftex.def)             Requested size: 614.29349pt x 794.96806pt.
File: ume-fakenews.pdf Graphic file (type pdf)
<use ume-fakenews.pdf, page 4>
Package pdftex.def Info: ume-fakenews.pdf , page4 used on input line 202.
(pdftex.def)             Requested size: 614.29349pt x 794.96806pt.
 [22

 <./ume-fakenews.pdf>]
<ume-fakenews.pdf, id=423, page=5, 614.295pt x 794.97pt>
File: ume-fakenews.pdf Graphic file (type pdf)
<use ume-fakenews.pdf, page 5>
Package pdftex.def Info: ume-fakenews.pdf , page5 used on input line 202.
(pdftex.def)             Requested size: 614.29349pt x 794.96806pt.
File: ume-fakenews.pdf Graphic file (type pdf)
<use ume-fakenews.pdf, page 5>
Package pdftex.def Info: ume-fakenews.pdf , page5 used on input line 202.
(pdftex.def)             Requested size: 614.29349pt x 794.96806pt.
File: ume-fakenews.pdf Graphic file (type pdf)
<use ume-fakenews.pdf, page 5>
Package pdftex.def Info: ume-fakenews.pdf , page5 used on input line 202.
(pdftex.def)             Requested size: 614.29349pt x 794.96806pt.
 [23

 <./ume-fakenews.pdf>]
<ume-fakenews.pdf, id=428, page=6, 614.295pt x 794.97pt>
File: ume-fakenews.pdf Graphic file (type pdf)
<use ume-fakenews.pdf, page 6>
Package pdftex.def Info: ume-fakenews.pdf , page6 used on input line 202.
(pdftex.def)             Requested size: 614.29349pt x 794.96806pt.
File: ume-fakenews.pdf Graphic file (type pdf)
<use ume-fakenews.pdf, page 6>
Package pdftex.def Info: ume-fakenews.pdf , page6 used on input line 202.
(pdftex.def)             Requested size: 614.29349pt x 794.96806pt.
File: ume-fakenews.pdf Graphic file (type pdf)
<use ume-fakenews.pdf, page 6>
Package pdftex.def Info: ume-fakenews.pdf , page6 used on input line 202.
(pdftex.def)             Requested size: 614.29349pt x 794.96806pt.
 [24

 <./ume-fakenews.pdf>]
<ume-fakenews.pdf, id=434, page=7, 614.295pt x 794.97pt>
File: ume-fakenews.pdf Graphic file (type pdf)
<use ume-fakenews.pdf, page 7>
Package pdftex.def Info: ume-fakenews.pdf , page7 used on input line 202.
(pdftex.def)             Requested size: 614.29349pt x 794.96806pt.
File: ume-fakenews.pdf Graphic file (type pdf)
<use ume-fakenews.pdf, page 7>
Package pdftex.def Info: ume-fakenews.pdf , page7 used on input line 202.
(pdftex.def)             Requested size: 614.29349pt x 794.96806pt.
File: ume-fakenews.pdf Graphic file (type pdf)
<use ume-fakenews.pdf, page 7>
Package pdftex.def Info: ume-fakenews.pdf , page7 used on input line 202.
(pdftex.def)             Requested size: 614.29349pt x 794.96806pt.
 [25

 <./ume-fakenews.pdf>] [26

]
Chapter 5.
<privml.pdf, id=443, 722.7pt x 406.51875pt>
File: privml.pdf Graphic file (type pdf)
<use privml.pdf>
Package pdftex.def Info: privml.pdf  used on input line 216.
(pdftex.def)             Requested size: 722.69823pt x 406.51775pt.
File: privml.pdf Graphic file (type pdf)
<use privml.pdf>
Package pdftex.def Info: privml.pdf  used on input line 216.
(pdftex.def)             Requested size: 722.69823pt x 406.51775pt.
<privml.pdf, id=446, page=1, 722.7pt x 406.51875pt>
File: privml.pdf Graphic file (type pdf)
<use privml.pdf, page 1>
Package pdftex.def Info: privml.pdf , page1 used on input line 216.
(pdftex.def)             Requested size: 722.69823pt x 406.51775pt.
File: privml.pdf Graphic file (type pdf)
<use privml.pdf, page 1>
Package pdftex.def Info: privml.pdf , page1 used on input line 216.
(pdftex.def)             Requested size: 722.69823pt x 406.51775pt.
[27


]
File: privml.pdf Graphic file (type pdf)
<use privml.pdf, page 1>
Package pdftex.def Info: privml.pdf , page1 used on input line 216.
(pdftex.def)             Requested size: 722.69823pt x 406.51775pt.
File: privml.pdf Graphic file (type pdf)
<use privml.pdf, page 1>
Package pdftex.def Info: privml.pdf , page1 used on input line 216.
(pdftex.def)             Requested size: 722.69823pt x 406.51775pt.
File: privml.pdf Graphic file (type pdf)
<use privml.pdf, page 1>
Package pdftex.def Info: privml.pdf , page1 used on input line 216.
(pdftex.def)             Requested size: 722.69823pt x 406.51775pt.
 [28

 <./privml.pdf>]
<privml.pdf, id=494, page=2, 722.7pt x 406.51875pt>
File: privml.pdf Graphic file (type pdf)
<use privml.pdf, page 2>
Package pdftex.def Info: privml.pdf , page2 used on input line 216.
(pdftex.def)             Requested size: 722.69823pt x 406.51775pt.
File: privml.pdf Graphic file (type pdf)
<use privml.pdf, page 2>
Package pdftex.def Info: privml.pdf , page2 used on input line 216.
(pdftex.def)             Requested size: 722.69823pt x 406.51775pt.
File: privml.pdf Graphic file (type pdf)
<use privml.pdf, page 2>
Package pdftex.def Info: privml.pdf , page2 used on input line 216.
(pdftex.def)             Requested size: 722.69823pt x 406.51775pt.
 [29

 <./privml.pdf>]
<privml.pdf, id=500, page=3, 722.7pt x 406.51875pt>
File: privml.pdf Graphic file (type pdf)
<use privml.pdf, page 3>
Package pdftex.def Info: privml.pdf , page3 used on input line 216.
(pdftex.def)             Requested size: 722.69823pt x 406.51775pt.
File: privml.pdf Graphic file (type pdf)
<use privml.pdf, page 3>
Package pdftex.def Info: privml.pdf , page3 used on input line 216.
(pdftex.def)             Requested size: 722.69823pt x 406.51775pt.
File: privml.pdf Graphic file (type pdf)
<use privml.pdf, page 3>
Package pdftex.def Info: privml.pdf , page3 used on input line 216.
(pdftex.def)             Requested size: 722.69823pt x 406.51775pt.
 [30

 <./privml.pdf>]
<privml.pdf, id=514, page=4, 722.7pt x 406.51875pt>
File: privml.pdf Graphic file (type pdf)
<use privml.pdf, page 4>
Package pdftex.def Info: privml.pdf , page4 used on input line 216.
(pdftex.def)             Requested size: 722.69823pt x 406.51775pt.
File: privml.pdf Graphic file (type pdf)
<use privml.pdf, page 4>
Package pdftex.def Info: privml.pdf , page4 used on input line 216.
(pdftex.def)             Requested size: 722.69823pt x 406.51775pt.
File: privml.pdf Graphic file (type pdf)
<use privml.pdf, page 4>
Package pdftex.def Info: privml.pdf , page4 used on input line 216.
(pdftex.def)             Requested size: 722.69823pt x 406.51775pt.
 [31

 <./privml.pdf>]
<privml.pdf, id=536, page=5, 722.7pt x 406.51875pt>
File: privml.pdf Graphic file (type pdf)
<use privml.pdf, page 5>
Package pdftex.def Info: privml.pdf , page5 used on input line 216.
(pdftex.def)             Requested size: 722.69823pt x 406.51775pt.
File: privml.pdf Graphic file (type pdf)
<use privml.pdf, page 5>
Package pdftex.def Info: privml.pdf , page5 used on input line 216.
(pdftex.def)             Requested size: 722.69823pt x 406.51775pt.
File: privml.pdf Graphic file (type pdf)
<use privml.pdf, page 5>
Package pdftex.def Info: privml.pdf , page5 used on input line 216.
(pdftex.def)             Requested size: 722.69823pt x 406.51775pt.
 [32

 <./privml.pdf>]
<privml.pdf, id=542, page=6, 722.7pt x 406.51875pt>
File: privml.pdf Graphic file (type pdf)
<use privml.pdf, page 6>
Package pdftex.def Info: privml.pdf , page6 used on input line 216.
(pdftex.def)             Requested size: 722.69823pt x 406.51775pt.
File: privml.pdf Graphic file (type pdf)
<use privml.pdf, page 6>
Package pdftex.def Info: privml.pdf , page6 used on input line 216.
(pdftex.def)             Requested size: 722.69823pt x 406.51775pt.
File: privml.pdf Graphic file (type pdf)
<use privml.pdf, page 6>
Package pdftex.def Info: privml.pdf , page6 used on input line 216.
(pdftex.def)             Requested size: 722.69823pt x 406.51775pt.
 [33

 <./privml.pdf>]
<privml.pdf, id=548, page=7, 722.7pt x 406.51875pt>
File: privml.pdf Graphic file (type pdf)
<use privml.pdf, page 7>
Package pdftex.def Info: privml.pdf , page7 used on input line 216.
(pdftex.def)             Requested size: 722.69823pt x 406.51775pt.
File: privml.pdf Graphic file (type pdf)
<use privml.pdf, page 7>
Package pdftex.def Info: privml.pdf , page7 used on input line 216.
(pdftex.def)             Requested size: 722.69823pt x 406.51775pt.
File: privml.pdf Graphic file (type pdf)
<use privml.pdf, page 7>
Package pdftex.def Info: privml.pdf , page7 used on input line 216.
(pdftex.def)             Requested size: 722.69823pt x 406.51775pt.
 [34

 <./privml.pdf>]
<privml.pdf, id=554, page=8, 722.7pt x 406.51875pt>
File: privml.pdf Graphic file (type pdf)
<use privml.pdf, page 8>
Package pdftex.def Info: privml.pdf , page8 used on input line 216.
(pdftex.def)             Requested size: 722.69823pt x 406.51775pt.
File: privml.pdf Graphic file (type pdf)
<use privml.pdf, page 8>
Package pdftex.def Info: privml.pdf , page8 used on input line 216.
(pdftex.def)             Requested size: 722.69823pt x 406.51775pt.
File: privml.pdf Graphic file (type pdf)
<use privml.pdf, page 8>
Package pdftex.def Info: privml.pdf , page8 used on input line 216.
(pdftex.def)             Requested size: 722.69823pt x 406.51775pt.
 [35

 <./privml.pdf>]
<privml.pdf, id=562, page=9, 722.7pt x 406.51875pt>
File: privml.pdf Graphic file (type pdf)
<use privml.pdf, page 9>
Package pdftex.def Info: privml.pdf , page9 used on input line 216.
(pdftex.def)             Requested size: 722.69823pt x 406.51775pt.
File: privml.pdf Graphic file (type pdf)
<use privml.pdf, page 9>
Package pdftex.def Info: privml.pdf , page9 used on input line 216.
(pdftex.def)             Requested size: 722.69823pt x 406.51775pt.
File: privml.pdf Graphic file (type pdf)
<use privml.pdf, page 9>
Package pdftex.def Info: privml.pdf , page9 used on input line 216.
(pdftex.def)             Requested size: 722.69823pt x 406.51775pt.
 [36

 <./privml.pdf>]
<privml.pdf, id=569, page=10, 722.7pt x 406.51875pt>
File: privml.pdf Graphic file (type pdf)
<use privml.pdf, page 10>
Package pdftex.def Info: privml.pdf , page10 used on input line 216.
(pdftex.def)             Requested size: 722.69823pt x 406.51775pt.
File: privml.pdf Graphic file (type pdf)
<use privml.pdf, page 10>
Package pdftex.def Info: privml.pdf , page10 used on input line 216.
(pdftex.def)             Requested size: 722.69823pt x 406.51775pt.
File: privml.pdf Graphic file (type pdf)
<use privml.pdf, page 10>
Package pdftex.def Info: privml.pdf , page10 used on input line 216.
(pdftex.def)             Requested size: 722.69823pt x 406.51775pt.
 [37

 <./privml.pdf>]
<privml.pdf, id=579, page=11, 722.7pt x 406.51875pt>
File: privml.pdf Graphic file (type pdf)
<use privml.pdf, page 11>
Package pdftex.def Info: privml.pdf , page11 used on input line 216.
(pdftex.def)             Requested size: 722.69823pt x 406.51775pt.
File: privml.pdf Graphic file (type pdf)
<use privml.pdf, page 11>
Package pdftex.def Info: privml.pdf , page11 used on input line 216.
(pdftex.def)             Requested size: 722.69823pt x 406.51775pt.
File: privml.pdf Graphic file (type pdf)
<use privml.pdf, page 11>
Package pdftex.def Info: privml.pdf , page11 used on input line 216.
(pdftex.def)             Requested size: 722.69823pt x 406.51775pt.
 [38

 <./privml.pdf>]
<privml.pdf, id=593, page=12, 722.7pt x 406.51875pt>
File: privml.pdf Graphic file (type pdf)
<use privml.pdf, page 12>
Package pdftex.def Info: privml.pdf , page12 used on input line 216.
(pdftex.def)             Requested size: 722.69823pt x 406.51775pt.
File: privml.pdf Graphic file (type pdf)
<use privml.pdf, page 12>
Package pdftex.def Info: privml.pdf , page12 used on input line 216.
(pdftex.def)             Requested size: 722.69823pt x 406.51775pt.
File: privml.pdf Graphic file (type pdf)
<use privml.pdf, page 12>
Package pdftex.def Info: privml.pdf , page12 used on input line 216.
(pdftex.def)             Requested size: 722.69823pt x 406.51775pt.
 [39

 <./privml.pdf>]
<privml.pdf, id=599, page=13, 722.7pt x 406.51875pt>
File: privml.pdf Graphic file (type pdf)
<use privml.pdf, page 13>
Package pdftex.def Info: privml.pdf , page13 used on input line 216.
(pdftex.def)             Requested size: 722.69823pt x 406.51775pt.
File: privml.pdf Graphic file (type pdf)
<use privml.pdf, page 13>
Package pdftex.def Info: privml.pdf , page13 used on input line 216.
(pdftex.def)             Requested size: 722.69823pt x 406.51775pt.
File: privml.pdf Graphic file (type pdf)
<use privml.pdf, page 13>
Package pdftex.def Info: privml.pdf , page13 used on input line 216.
(pdftex.def)             Requested size: 722.69823pt x 406.51775pt.
 [40

 <./privml.pdf>]
<privml.pdf, id=628, page=14, 722.7pt x 406.51875pt>
File: privml.pdf Graphic file (type pdf)
<use privml.pdf, page 14>
Package pdftex.def Info: privml.pdf , page14 used on input line 216.
(pdftex.def)             Requested size: 722.69823pt x 406.51775pt.
File: privml.pdf Graphic file (type pdf)
<use privml.pdf, page 14>
Package pdftex.def Info: privml.pdf , page14 used on input line 216.
(pdftex.def)             Requested size: 722.69823pt x 406.51775pt.
File: privml.pdf Graphic file (type pdf)
<use privml.pdf, page 14>
Package pdftex.def Info: privml.pdf , page14 used on input line 216.
(pdftex.def)             Requested size: 722.69823pt x 406.51775pt.
 [41

 <./privml.pdf>]
<privml.pdf, id=636, page=15, 722.7pt x 406.51875pt>
File: privml.pdf Graphic file (type pdf)
<use privml.pdf, page 15>
Package pdftex.def Info: privml.pdf , page15 used on input line 216.
(pdftex.def)             Requested size: 722.69823pt x 406.51775pt.
File: privml.pdf Graphic file (type pdf)
<use privml.pdf, page 15>
Package pdftex.def Info: privml.pdf , page15 used on input line 216.
(pdftex.def)             Requested size: 722.69823pt x 406.51775pt.
File: privml.pdf Graphic file (type pdf)
<use privml.pdf, page 15>
Package pdftex.def Info: privml.pdf , page15 used on input line 216.
(pdftex.def)             Requested size: 722.69823pt x 406.51775pt.
 [42

 <./privml.pdf>]
<privml.pdf, id=645, page=16, 722.7pt x 406.51875pt>
File: privml.pdf Graphic file (type pdf)
<use privml.pdf, page 16>
Package pdftex.def Info: privml.pdf , page16 used on input line 216.
(pdftex.def)             Requested size: 722.69823pt x 406.51775pt.
File: privml.pdf Graphic file (type pdf)
<use privml.pdf, page 16>
Package pdftex.def Info: privml.pdf , page16 used on input line 216.
(pdftex.def)             Requested size: 722.69823pt x 406.51775pt.
File: privml.pdf Graphic file (type pdf)
<use privml.pdf, page 16>
Package pdftex.def Info: privml.pdf , page16 used on input line 216.
(pdftex.def)             Requested size: 722.69823pt x 406.51775pt.
 [43

 <./privml.pdf>]
<privml.pdf, id=651, page=17, 722.7pt x 406.51875pt>
File: privml.pdf Graphic file (type pdf)
<use privml.pdf, page 17>
Package pdftex.def Info: privml.pdf , page17 used on input line 216.
(pdftex.def)             Requested size: 722.69823pt x 406.51775pt.
File: privml.pdf Graphic file (type pdf)
<use privml.pdf, page 17>
Package pdftex.def Info: privml.pdf , page17 used on input line 216.
(pdftex.def)             Requested size: 722.69823pt x 406.51775pt.
File: privml.pdf Graphic file (type pdf)
<use privml.pdf, page 17>
Package pdftex.def Info: privml.pdf , page17 used on input line 216.
(pdftex.def)             Requested size: 722.69823pt x 406.51775pt.
 [44

 <./privml.pdf>]
<privml.pdf, id=657, page=18, 722.7pt x 406.51875pt>
File: privml.pdf Graphic file (type pdf)
<use privml.pdf, page 18>
Package pdftex.def Info: privml.pdf , page18 used on input line 216.
(pdftex.def)             Requested size: 722.69823pt x 406.51775pt.
File: privml.pdf Graphic file (type pdf)
<use privml.pdf, page 18>
Package pdftex.def Info: privml.pdf , page18 used on input line 216.
(pdftex.def)             Requested size: 722.69823pt x 406.51775pt.
File: privml.pdf Graphic file (type pdf)
<use privml.pdf, page 18>
Package pdftex.def Info: privml.pdf , page18 used on input line 216.
(pdftex.def)             Requested size: 722.69823pt x 406.51775pt.
 [45

 <./privml.pdf>]
<privml.pdf, id=663, page=19, 722.7pt x 406.51875pt>
File: privml.pdf Graphic file (type pdf)
<use privml.pdf, page 19>
Package pdftex.def Info: privml.pdf , page19 used on input line 216.
(pdftex.def)             Requested size: 722.69823pt x 406.51775pt.
File: privml.pdf Graphic file (type pdf)
<use privml.pdf, page 19>
Package pdftex.def Info: privml.pdf , page19 used on input line 216.
(pdftex.def)             Requested size: 722.69823pt x 406.51775pt.
File: privml.pdf Graphic file (type pdf)
<use privml.pdf, page 19>
Package pdftex.def Info: privml.pdf , page19 used on input line 216.
(pdftex.def)             Requested size: 722.69823pt x 406.51775pt.
 [46

 <./privml.pdf>]
<privml.pdf, id=669, page=20, 722.7pt x 406.51875pt>
File: privml.pdf Graphic file (type pdf)
<use privml.pdf, page 20>
Package pdftex.def Info: privml.pdf , page20 used on input line 216.
(pdftex.def)             Requested size: 722.69823pt x 406.51775pt.
File: privml.pdf Graphic file (type pdf)
<use privml.pdf, page 20>
Package pdftex.def Info: privml.pdf , page20 used on input line 216.
(pdftex.def)             Requested size: 722.69823pt x 406.51775pt.
File: privml.pdf Graphic file (type pdf)
<use privml.pdf, page 20>
Package pdftex.def Info: privml.pdf , page20 used on input line 216.
(pdftex.def)             Requested size: 722.69823pt x 406.51775pt.
 [47

 <./privml.pdf>]
<privml.pdf, id=675, page=21, 722.7pt x 406.51875pt>
File: privml.pdf Graphic file (type pdf)
<use privml.pdf, page 21>
Package pdftex.def Info: privml.pdf , page21 used on input line 216.
(pdftex.def)             Requested size: 722.69823pt x 406.51775pt.
File: privml.pdf Graphic file (type pdf)
<use privml.pdf, page 21>
Package pdftex.def Info: privml.pdf , page21 used on input line 216.
(pdftex.def)             Requested size: 722.69823pt x 406.51775pt.
File: privml.pdf Graphic file (type pdf)
<use privml.pdf, page 21>
Package pdftex.def Info: privml.pdf , page21 used on input line 216.
(pdftex.def)             Requested size: 722.69823pt x 406.51775pt.
 [48

 <./privml.pdf>]
<privml.pdf, id=682, page=22, 722.7pt x 406.51875pt>
File: privml.pdf Graphic file (type pdf)
<use privml.pdf, page 22>
Package pdftex.def Info: privml.pdf , page22 used on input line 216.
(pdftex.def)             Requested size: 722.69823pt x 406.51775pt.
File: privml.pdf Graphic file (type pdf)
<use privml.pdf, page 22>
Package pdftex.def Info: privml.pdf , page22 used on input line 216.
(pdftex.def)             Requested size: 722.69823pt x 406.51775pt.
File: privml.pdf Graphic file (type pdf)
<use privml.pdf, page 22>
Package pdftex.def Info: privml.pdf , page22 used on input line 216.
(pdftex.def)             Requested size: 722.69823pt x 406.51775pt.
 [49

 <./privml.pdf>]
<privml.pdf, id=688, page=23, 722.7pt x 406.51875pt>
File: privml.pdf Graphic file (type pdf)
<use privml.pdf, page 23>
Package pdftex.def Info: privml.pdf , page23 used on input line 216.
(pdftex.def)             Requested size: 722.69823pt x 406.51775pt.
File: privml.pdf Graphic file (type pdf)
<use privml.pdf, page 23>
Package pdftex.def Info: privml.pdf , page23 used on input line 216.
(pdftex.def)             Requested size: 722.69823pt x 406.51775pt.
File: privml.pdf Graphic file (type pdf)
<use privml.pdf, page 23>
Package pdftex.def Info: privml.pdf , page23 used on input line 216.
(pdftex.def)             Requested size: 722.69823pt x 406.51775pt.
 [50

 <./privml.pdf>]
<privml.pdf, id=694, page=24, 722.7pt x 406.51875pt>
File: privml.pdf Graphic file (type pdf)
<use privml.pdf, page 24>
Package pdftex.def Info: privml.pdf , page24 used on input line 216.
(pdftex.def)             Requested size: 722.69823pt x 406.51775pt.
File: privml.pdf Graphic file (type pdf)
<use privml.pdf, page 24>
Package pdftex.def Info: privml.pdf , page24 used on input line 216.
(pdftex.def)             Requested size: 722.69823pt x 406.51775pt.
File: privml.pdf Graphic file (type pdf)
<use privml.pdf, page 24>
Package pdftex.def Info: privml.pdf , page24 used on input line 216.
(pdftex.def)             Requested size: 722.69823pt x 406.51775pt.
 [51

 <./privml.pdf>] [52

]
Chapter 6.

Package hyperref Warning: Difference (2) between bookmark levels is greater 
(hyperref)                than one, level fixed on input line 226.

[53


]
<specreflow.pdf, id=711, 614.295pt x 794.97pt>
File: specreflow.pdf Graphic file (type pdf)
<use specreflow.pdf>
Package pdftex.def Info: specreflow.pdf  used on input line 241.
(pdftex.def)             Requested size: 614.29349pt x 794.96806pt.
File: specreflow.pdf Graphic file (type pdf)
<use specreflow.pdf>
Package pdftex.def Info: specreflow.pdf  used on input line 241.
(pdftex.def)             Requested size: 614.29349pt x 794.96806pt.
<specreflow.pdf, id=714, page=1, 614.295pt x 794.97pt>
File: specreflow.pdf Graphic file (type pdf)
<use specreflow.pdf, page 1>
Package pdftex.def Info: specreflow.pdf , page1 used on input line 241.
(pdftex.def)             Requested size: 614.29349pt x 794.96806pt.
File: specreflow.pdf Graphic file (type pdf)
<use specreflow.pdf, page 1>
Package pdftex.def Info: specreflow.pdf , page1 used on input line 241.
(pdftex.def)             Requested size: 614.29349pt x 794.96806pt.
 [54]
File: specreflow.pdf Graphic file (type pdf)
<use specreflow.pdf, page 1>
Package pdftex.def Info: specreflow.pdf , page1 used on input line 241.
(pdftex.def)             Requested size: 614.29349pt x 794.96806pt.
File: specreflow.pdf Graphic file (type pdf)
<use specreflow.pdf, page 1>
Package pdftex.def Info: specreflow.pdf , page1 used on input line 241.
(pdftex.def)             Requested size: 614.29349pt x 794.96806pt.
File: specreflow.pdf Graphic file (type pdf)
<use specreflow.pdf, page 1>
Package pdftex.def Info: specreflow.pdf , page1 used on input line 241.
(pdftex.def)             Requested size: 614.29349pt x 794.96806pt.
 [55

 <./specreflow.pdf>]
<specreflow.pdf, id=764, page=2, 614.295pt x 794.97pt>
File: specreflow.pdf Graphic file (type pdf)
<use specreflow.pdf, page 2>
Package pdftex.def Info: specreflow.pdf , page2 used on input line 241.
(pdftex.def)             Requested size: 614.29349pt x 794.96806pt.
File: specreflow.pdf Graphic file (type pdf)
<use specreflow.pdf, page 2>
Package pdftex.def Info: specreflow.pdf , page2 used on input line 241.
(pdftex.def)             Requested size: 614.29349pt x 794.96806pt.
File: specreflow.pdf Graphic file (type pdf)
<use specreflow.pdf, page 2>
Package pdftex.def Info: specreflow.pdf , page2 used on input line 241.
(pdftex.def)             Requested size: 614.29349pt x 794.96806pt.
 [56

 <./specreflow.pdf>]
<specreflow.pdf, id=775, page=3, 614.295pt x 794.97pt>
File: specreflow.pdf Graphic file (type pdf)
<use specreflow.pdf, page 3>
Package pdftex.def Info: specreflow.pdf , page3 used on input line 241.
(pdftex.def)             Requested size: 614.29349pt x 794.96806pt.
File: specreflow.pdf Graphic file (type pdf)
<use specreflow.pdf, page 3>
Package pdftex.def Info: specreflow.pdf , page3 used on input line 241.
(pdftex.def)             Requested size: 614.29349pt x 794.96806pt.
File: specreflow.pdf Graphic file (type pdf)
<use specreflow.pdf, page 3>
Package pdftex.def Info: specreflow.pdf , page3 used on input line 241.
(pdftex.def)             Requested size: 614.29349pt x 794.96806pt.
 [57

 <./specreflow.pdf>]
<specreflow.pdf, id=790, page=4, 614.295pt x 794.97pt>
File: specreflow.pdf Graphic file (type pdf)
<use specreflow.pdf, page 4>
Package pdftex.def Info: specreflow.pdf , page4 used on input line 241.
(pdftex.def)             Requested size: 614.29349pt x 794.96806pt.
File: specreflow.pdf Graphic file (type pdf)
<use specreflow.pdf, page 4>
Package pdftex.def Info: specreflow.pdf , page4 used on input line 241.
(pdftex.def)             Requested size: 614.29349pt x 794.96806pt.
File: specreflow.pdf Graphic file (type pdf)
<use specreflow.pdf, page 4>
Package pdftex.def Info: specreflow.pdf , page4 used on input line 241.
(pdftex.def)             Requested size: 614.29349pt x 794.96806pt.
 [58

 <./specreflow.pdf>]
<specreflow.pdf, id=817, page=5, 614.295pt x 794.97pt>
File: specreflow.pdf Graphic file (type pdf)
<use specreflow.pdf, page 5>
Package pdftex.def Info: specreflow.pdf , page5 used on input line 241.
(pdftex.def)             Requested size: 614.29349pt x 794.96806pt.
File: specreflow.pdf Graphic file (type pdf)
<use specreflow.pdf, page 5>
Package pdftex.def Info: specreflow.pdf , page5 used on input line 241.
(pdftex.def)             Requested size: 614.29349pt x 794.96806pt.
File: specreflow.pdf Graphic file (type pdf)
<use specreflow.pdf, page 5>
Package pdftex.def Info: specreflow.pdf , page5 used on input line 241.
(pdftex.def)             Requested size: 614.29349pt x 794.96806pt.
 [59

 <./specreflow.pdf>]
<specreflow.pdf, id=864, page=6, 614.295pt x 794.97pt>
File: specreflow.pdf Graphic file (type pdf)
<use specreflow.pdf, page 6>
Package pdftex.def Info: specreflow.pdf , page6 used on input line 241.
(pdftex.def)             Requested size: 614.29349pt x 794.96806pt.
File: specreflow.pdf Graphic file (type pdf)
<use specreflow.pdf, page 6>
Package pdftex.def Info: specreflow.pdf , page6 used on input line 241.
(pdftex.def)             Requested size: 614.29349pt x 794.96806pt.
File: specreflow.pdf Graphic file (type pdf)
<use specreflow.pdf, page 6>
Package pdftex.def Info: specreflow.pdf , page6 used on input line 241.
(pdftex.def)             Requested size: 614.29349pt x 794.96806pt.
 [60

 <./specreflow.pdf>]
<specreflow.pdf, id=891, page=7, 614.295pt x 794.97pt>
File: specreflow.pdf Graphic file (type pdf)
<use specreflow.pdf, page 7>
Package pdftex.def Info: specreflow.pdf , page7 used on input line 241.
(pdftex.def)             Requested size: 614.29349pt x 794.96806pt.
File: specreflow.pdf Graphic file (type pdf)
<use specreflow.pdf, page 7>
Package pdftex.def Info: specreflow.pdf , page7 used on input line 241.
(pdftex.def)             Requested size: 614.29349pt x 794.96806pt.
File: specreflow.pdf Graphic file (type pdf)
<use specreflow.pdf, page 7>
Package pdftex.def Info: specreflow.pdf , page7 used on input line 241.
(pdftex.def)             Requested size: 614.29349pt x 794.96806pt.

[61

 <./specreflow.pdf>]
<specreflow.pdf, id=913, page=8, 614.295pt x 794.97pt>
File: specreflow.pdf Graphic file (type pdf)
<use specreflow.pdf, page 8>
Package pdftex.def Info: specreflow.pdf , page8 used on input line 241.
(pdftex.def)             Requested size: 614.29349pt x 794.96806pt.
File: specreflow.pdf Graphic file (type pdf)
<use specreflow.pdf, page 8>
Package pdftex.def Info: specreflow.pdf , page8 used on input line 241.
(pdftex.def)             Requested size: 614.29349pt x 794.96806pt.
File: specreflow.pdf Graphic file (type pdf)
<use specreflow.pdf, page 8>
Package pdftex.def Info: specreflow.pdf , page8 used on input line 241.
(pdftex.def)             Requested size: 614.29349pt x 794.96806pt.
 [62

 <./specreflow.pdf>]
<specreflow.pdf, id=922, page=9, 614.295pt x 794.97pt>
File: specreflow.pdf Graphic file (type pdf)
<use specreflow.pdf, page 9>
Package pdftex.def Info: specreflow.pdf , page9 used on input line 241.
(pdftex.def)             Requested size: 614.29349pt x 794.96806pt.
File: specreflow.pdf Graphic file (type pdf)
<use specreflow.pdf, page 9>
Package pdftex.def Info: specreflow.pdf , page9 used on input line 241.
(pdftex.def)             Requested size: 614.29349pt x 794.96806pt.
File: specreflow.pdf Graphic file (type pdf)
<use specreflow.pdf, page 9>
Package pdftex.def Info: specreflow.pdf , page9 used on input line 241.
(pdftex.def)             Requested size: 614.29349pt x 794.96806pt.
 [63

 <./specreflow.pdf>]
<specreflow.pdf, id=943, page=10, 614.295pt x 794.97pt>
File: specreflow.pdf Graphic file (type pdf)
<use specreflow.pdf, page 10>
Package pdftex.def Info: specreflow.pdf , page10 used on input line 241.
(pdftex.def)             Requested size: 614.29349pt x 794.96806pt.
File: specreflow.pdf Graphic file (type pdf)
<use specreflow.pdf, page 10>
Package pdftex.def Info: specreflow.pdf , page10 used on input line 241.
(pdftex.def)             Requested size: 614.29349pt x 794.96806pt.
File: specreflow.pdf Graphic file (type pdf)
<use specreflow.pdf, page 10>
Package pdftex.def Info: specreflow.pdf , page10 used on input line 241.
(pdftex.def)             Requested size: 614.29349pt x 794.96806pt.

[64

 <./specreflow.pdf>]
<specreflow.pdf, id=955, page=11, 614.295pt x 794.97pt>
File: specreflow.pdf Graphic file (type pdf)
<use specreflow.pdf, page 11>
Package pdftex.def Info: specreflow.pdf , page11 used on input line 241.
(pdftex.def)             Requested size: 614.29349pt x 794.96806pt.
File: specreflow.pdf Graphic file (type pdf)
<use specreflow.pdf, page 11>
Package pdftex.def Info: specreflow.pdf , page11 used on input line 241.
(pdftex.def)             Requested size: 614.29349pt x 794.96806pt.
File: specreflow.pdf Graphic file (type pdf)
<use specreflow.pdf, page 11>
Package pdftex.def Info: specreflow.pdf , page11 used on input line 241.
(pdftex.def)             Requested size: 614.29349pt x 794.96806pt.
 [65

 <./specreflow.pdf>]
<specreflow.pdf, id=977, page=12, 614.295pt x 794.97pt>
File: specreflow.pdf Graphic file (type pdf)
<use specreflow.pdf, page 12>
Package pdftex.def Info: specreflow.pdf , page12 used on input line 241.
(pdftex.def)             Requested size: 614.29349pt x 794.96806pt.
File: specreflow.pdf Graphic file (type pdf)
<use specreflow.pdf, page 12>
Package pdftex.def Info: specreflow.pdf , page12 used on input line 241.
(pdftex.def)             Requested size: 614.29349pt x 794.96806pt.
File: specreflow.pdf Graphic file (type pdf)
<use specreflow.pdf, page 12>
Package pdftex.def Info: specreflow.pdf , page12 used on input line 241.
(pdftex.def)             Requested size: 614.29349pt x 794.96806pt.
 [66

 <./specreflow.pdf>]
<specreflow.pdf, id=987, page=13, 614.295pt x 794.97pt>
File: specreflow.pdf Graphic file (type pdf)
<use specreflow.pdf, page 13>
Package pdftex.def Info: specreflow.pdf , page13 used on input line 241.
(pdftex.def)             Requested size: 614.29349pt x 794.96806pt.
File: specreflow.pdf Graphic file (type pdf)
<use specreflow.pdf, page 13>
Package pdftex.def Info: specreflow.pdf , page13 used on input line 241.
(pdftex.def)             Requested size: 614.29349pt x 794.96806pt.
File: specreflow.pdf Graphic file (type pdf)
<use specreflow.pdf, page 13>
Package pdftex.def Info: specreflow.pdf , page13 used on input line 241.
(pdftex.def)             Requested size: 614.29349pt x 794.96806pt.

[67

 <./specreflow.pdf>]
<specreflow.pdf, id=1002, page=14, 614.295pt x 794.97pt>
File: specreflow.pdf Graphic file (type pdf)
<use specreflow.pdf, page 14>
Package pdftex.def Info: specreflow.pdf , page14 used on input line 241.
(pdftex.def)             Requested size: 614.29349pt x 794.96806pt.
File: specreflow.pdf Graphic file (type pdf)
<use specreflow.pdf, page 14>
Package pdftex.def Info: specreflow.pdf , page14 used on input line 241.
(pdftex.def)             Requested size: 614.29349pt x 794.96806pt.
File: specreflow.pdf Graphic file (type pdf)
<use specreflow.pdf, page 14>
Package pdftex.def Info: specreflow.pdf , page14 used on input line 241.
(pdftex.def)             Requested size: 614.29349pt x 794.96806pt.
 [68

 <./specreflow.pdf>]
<specreflow.pdf, id=1024, page=15, 614.295pt x 794.97pt>
File: specreflow.pdf Graphic file (type pdf)
<use specreflow.pdf, page 15>
Package pdftex.def Info: specreflow.pdf , page15 used on input line 241.
(pdftex.def)             Requested size: 614.29349pt x 794.96806pt.
File: specreflow.pdf Graphic file (type pdf)
<use specreflow.pdf, page 15>
Package pdftex.def Info: specreflow.pdf , page15 used on input line 241.
(pdftex.def)             Requested size: 614.29349pt x 794.96806pt.
File: specreflow.pdf Graphic file (type pdf)
<use specreflow.pdf, page 15>
Package pdftex.def Info: specreflow.pdf , page15 used on input line 241.
(pdftex.def)             Requested size: 614.29349pt x 794.96806pt.
 [69

 <./specreflow.pdf>]
<specreflow.pdf, id=1038, page=16, 614.295pt x 794.97pt>
File: specreflow.pdf Graphic file (type pdf)
<use specreflow.pdf, page 16>
Package pdftex.def Info: specreflow.pdf , page16 used on input line 241.
(pdftex.def)             Requested size: 614.29349pt x 794.96806pt.
File: specreflow.pdf Graphic file (type pdf)
<use specreflow.pdf, page 16>
Package pdftex.def Info: specreflow.pdf , page16 used on input line 241.
(pdftex.def)             Requested size: 614.29349pt x 794.96806pt.
File: specreflow.pdf Graphic file (type pdf)
<use specreflow.pdf, page 16>
Package pdftex.def Info: specreflow.pdf , page16 used on input line 241.
(pdftex.def)             Requested size: 614.29349pt x 794.96806pt.

[70

 <./specreflow.pdf>]
<specreflow.pdf, id=1052, page=17, 614.295pt x 794.97pt>
File: specreflow.pdf Graphic file (type pdf)
<use specreflow.pdf, page 17>
Package pdftex.def Info: specreflow.pdf , page17 used on input line 241.
(pdftex.def)             Requested size: 614.29349pt x 794.96806pt.
File: specreflow.pdf Graphic file (type pdf)
<use specreflow.pdf, page 17>
Package pdftex.def Info: specreflow.pdf , page17 used on input line 241.
(pdftex.def)             Requested size: 614.29349pt x 794.96806pt.
File: specreflow.pdf Graphic file (type pdf)
<use specreflow.pdf, page 17>
Package pdftex.def Info: specreflow.pdf , page17 used on input line 241.
(pdftex.def)             Requested size: 614.29349pt x 794.96806pt.
 [71

 <./specreflow.pdf>]
<specreflow.pdf, id=1067, page=18, 614.295pt x 794.97pt>
File: specreflow.pdf Graphic file (type pdf)
<use specreflow.pdf, page 18>
Package pdftex.def Info: specreflow.pdf , page18 used on input line 241.
(pdftex.def)             Requested size: 614.29349pt x 794.96806pt.
File: specreflow.pdf Graphic file (type pdf)
<use specreflow.pdf, page 18>
Package pdftex.def Info: specreflow.pdf , page18 used on input line 241.
(pdftex.def)             Requested size: 614.29349pt x 794.96806pt.
File: specreflow.pdf Graphic file (type pdf)
<use specreflow.pdf, page 18>
Package pdftex.def Info: specreflow.pdf , page18 used on input line 241.
(pdftex.def)             Requested size: 614.29349pt x 794.96806pt.
 [72

 <./specreflow.pdf>]
<specreflow.pdf, id=1077, page=19, 614.295pt x 794.97pt>
File: specreflow.pdf Graphic file (type pdf)
<use specreflow.pdf, page 19>
Package pdftex.def Info: specreflow.pdf , page19 used on input line 241.
(pdftex.def)             Requested size: 614.29349pt x 794.96806pt.
File: specreflow.pdf Graphic file (type pdf)
<use specreflow.pdf, page 19>
Package pdftex.def Info: specreflow.pdf , page19 used on input line 241.
(pdftex.def)             Requested size: 614.29349pt x 794.96806pt.
File: specreflow.pdf Graphic file (type pdf)
<use specreflow.pdf, page 19>
Package pdftex.def Info: specreflow.pdf , page19 used on input line 241.
(pdftex.def)             Requested size: 614.29349pt x 794.96806pt.

[73

 <./specreflow.pdf>] 
AED: lastpage setting LastPage
(./portfolio.aux)
 ***********
LaTeX2e <2023-11-01> patch level 1
L3 programming layer <2024-02-20>
 ***********
Package rerunfilecheck Info: File `portfolio.out' has not changed.
(rerunfilecheck)             Checksum: F47A5D13743A04B1B881997D830BB1DD;4954.
 ) 
Here is how much of TeX's memory you used:
 11480 strings out of 475567
 183583 string characters out of 5777889
 1936187 words of memory out of 5000000
 33383 multiletter control sequences out of 15000+600000
 564041 words of font info for 56 fonts, out of 8000000 for 9000
 319 hyphenation exceptions out of 8191
 75i,18n,79p,961b,581s stack positions out of 10000i,1000n,20000p,200000b,200000s
 </Users/haoli/Library/texlive/2024basic/texmf-var/fonts/pk/ljfour/jknappen/e
c/tcrm1200.600pk></usr/local/texlive/2024basic/texmf-dist/fonts/type1/public/am
sfonts/cm/cmbx12.pfb></usr/local/texlive/2024basic/texmf-dist/fonts/type1/publi
c/amsfonts/cm/cmex10.pfb></usr/local/texlive/2024basic/texmf-dist/fonts/type1/p
ublic/amsfonts/cm/cmmi10.pfb></usr/local/texlive/2024basic/texmf-dist/fonts/typ
e1/public/amsfonts/cm/cmmi7.pfb></usr/local/texlive/2024basic/texmf-dist/fonts/
type1/public/amsfonts/cm/cmr10.pfb></usr/local/texlive/2024basic/texmf-dist/fon
ts/type1/public/amsfonts/cm/cmr12.pfb></usr/local/texlive/2024basic/texmf-dist/
fonts/type1/public/amsfonts/cm/cmr7.pfb></usr/local/texlive/2024basic/texmf-dis
t/fonts/type1/public/amsfonts/cm/cmsy10.pfb></usr/local/texlive/2024basic/texmf
-dist/fonts/type1/public/amsfonts/cm/cmsy7.pfb></usr/local/texlive/2024basic/te
xmf-dist/fonts/type1/public/amsfonts/cm/cmtt12.pfb></usr/local/texlive/2024basi
c/texmf-dist/fonts/type1/public/amsfonts/symbols/msbm10.pfb></usr/local/texlive
/2024basic/texmf-dist/fonts/type1/urw/times/utmb8a.pfb></usr/local/texlive/2024
basic/texmf-dist/fonts/type1/urw/times/utmbi8a.pfb></usr/local/texlive/2024basi
c/texmf-dist/fonts/type1/urw/times/utmr8a.pfb></usr/local/texlive/2024basic/tex
mf-dist/fonts/type1/urw/times/utmri8a.pfb>
Output written on portfolio.pdf (74 pages, 10346398 bytes).
PDF statistics:
 1145 PDF objects out of 1200 (max. 8388607)
 768 compressed objects within 8 object streams
 107 named destinations out of 1000 (max. 500000)
 590 words of extra memory for PDF output out of 10000 (max. 10000000)

