\BOOKMARK [0][-]{chapter.1}{\376\377\000S\000u\000m\000m\000a\000r\000y\000\040\000D\000a\000t\000a}{}% 1
\BOOKMARK [1][-]{section*.2}{\376\377\000P\000e\000r\000s\000o\000n\000a\000l\000\040\000I\000n\000f\000o\000r\000m\000a\000t\000i\000o\000n}{chapter.1}% 2
\BOOKMARK [1][-]{section*.3}{\376\377\000A\000c\000a\000d\000e\000m\000i\000c\000\040\000A\000d\000v\000i\000s\000o\000r}{chapter.1}% 3
\BOOKMARK [1][-]{section*.4}{\376\377\000C\000o\000u\000r\000s\000e\000s\000\040\000a\000n\000d\000\040\000G\000r\000a\000d\000e\000s}{chapter.1}% 4
\BOOKMARK [0][-]{chapter.2}{\376\377\000S\000t\000a\000t\000e\000m\000e\000n\000t\000\040\000o\000f\000\040\000P\000r\000o\000f\000e\000s\000s\000i\000o\000n\000a\000l\000\040\000G\000o\000a\000l\000s\000\040\000a\000n\000d\000\040\000A\000c\000h\000i\000e\000v\000e\000m\000e\000n\000t\000s}{}% 5
\BOOKMARK [1][-]{section*.5}{\376\377\000P\000r\000o\000f\000e\000s\000s\000i\000o\000n\000a\000l\000\040\000G\000o\000a\000l\000s}{chapter.2}% 6
\BOOKMARK [1][-]{section*.6}{\376\377\000A\000c\000h\000i\000e\000v\000e\000m\000e\000n\000t\000s\000\040\000D\000u\000r\000i\000n\000g\000\040\000G\000r\000a\000d\000u\000a\000t\000e\000\040\000S\000t\000u\000d\000i\000e\000s}{chapter.2}% 7
\BOOKMARK [1][-]{section*.7}{\376\377\000I\000n\000t\000e\000r\000e\000s\000t\000s\000\040\000i\000n\000\040\000C\000o\000m\000p\000u\000t\000e\000r\000\040\000S\000c\000i\000e\000n\000c\000e}{chapter.2}% 8
\BOOKMARK [0][-]{chapter.3}{\376\377\000C\000u\000r\000r\000i\000c\000u\000l\000u\000m\000\040\000V\000i\000t\000a\000e}{}% 9
\BOOKMARK [0][-]{chapter.4}{\376\377\000K\000n\000o\000w\000l\000e\000d\000g\000e\000\040\000a\000n\000d\000\040\000M\000a\000s\000t\000e\000r\000y\000\040\000o\000f\000\040\000C\000o\000m\000p\000u\000t\000e\000r\000\040\000S\000c\000i\000e\000n\000c\000e\000\040\000C\000o\000n\000c\000e\000p\000t\000s}{}% 10
\BOOKMARK [1][-]{section*.8}{\376\377\000A\000p\000p\000l\000i\000c\000a\000t\000i\000o\000n\000\040\000o\000f\000\040\000C\000o\000m\000p\000u\000t\000e\000r\000\040\000S\000c\000i\000e\000n\000c\000e\000\040\000C\000o\000n\000c\000e\000p\000t\000s}{chapter.4}% 11
\BOOKMARK [2][-]{subsection*.9}{\376\377\000P\000r\000o\000b\000l\000e\000m\000\040\000S\000t\000a\000t\000e\000m\000e\000n\000t}{section*.8}% 12
\BOOKMARK [2][-]{subsection*.10}{\376\377\000M\000e\000t\000h\000o\000d\000o\000l\000o\000g\000y}{section*.8}% 13
\BOOKMARK [2][-]{subsection*.11}{\376\377\000R\000e\000s\000u\000l\000t\000s\000\040\000a\000n\000d\000\040\000D\000i\000s\000c\000u\000s\000s\000i\000o\000n}{section*.8}% 14
\BOOKMARK [2][-]{subsection*.12}{\376\377\000P\000e\000r\000s\000o\000n\000a\000l\000\040\000C\000o\000n\000t\000r\000i\000b\000u\000t\000i\000o\000n}{section*.8}% 15
\BOOKMARK [1][-]{section*.13}{\376\377\000S\000o\000f\000t\000w\000a\000r\000e\000\040\000A\000r\000t\000i\000f\000a\000c\000t}{chapter.4}% 16
\BOOKMARK [2][-]{subsection*.14}{\376\377\000P\000r\000o\000j\000e\000c\000t\000\040\000O\000v\000e\000r\000v\000i\000e\000w}{section*.13}% 17
\BOOKMARK [2][-]{subsection*.15}{\376\377\000D\000e\000s\000i\000g\000n}{section*.13}% 18
\BOOKMARK [0][-]{chapter.5}{\376\377\000C\000o\000m\000m\000u\000n\000i\000c\000a\000t\000i\000o\000n\000\040\000S\000k\000i\000l\000l\000s\000\040\000i\000n\000\040\000C\000o\000m\000p\000u\000t\000e\000r\000\040\000S\000c\000i\000e\000n\000c\000e}{}% 19
\BOOKMARK [1][-]{section*.16}{\376\377\000A\000r\000t\000i\000f\000a\000c\000t\000\040\000D\000e\000m\000o\000n\000s\000t\000r\000a\000t\000i\000n\000g\000\040\000C\000o\000m\000m\000u\000n\000i\000c\000a\000t\000i\000o\000n\000\040\000S\000k\000i\000l\000l\000s}{chapter.5}% 20
\BOOKMARK [2][-]{subsection*.17}{\376\377\000C\000o\000n\000t\000e\000x\000t}{section*.16}% 21
\BOOKMARK [2][-]{subsection*.18}{\376\377\000S\000l\000i\000d\000e\000s\000\040\000P\000r\000e\000s\000e\000n\000t\000a\000t\000i\000o\000n}{section*.16}% 22
\BOOKMARK [0][-]{chapter.6}{\376\377\000C\000o\000n\000d\000u\000c\000t\000\040\000I\000n\000d\000e\000p\000e\000n\000d\000e\000n\000t\000\040\000I\000n\000q\000u\000i\000r\000y\000\040\000i\000n\000\040\000C\000o\000m\000p\000u\000t\000e\000r\000\040\000S\000c\000i\000e\000n\000c\000e}{}% 23
\BOOKMARK [1][-]{subsection*.19}{\376\377\000P\000r\000o\000b\000l\000e\000m\000\040\000S\000t\000a\000t\000e\000m\000e\000n\000t}{chapter.6}% 24
\BOOKMARK [2][-]{subsection*.20}{\376\377\000R\000e\000s\000e\000a\000r\000c\000h\000\040\000M\000e\000t\000h\000o\000d\000o\000l\000o\000g\000y}{subsection*.19}% 25
\BOOKMARK [2][-]{subsection*.21}{\376\377\000R\000e\000s\000u\000l\000t\000s\000\040\000a\000n\000d\000\040\000F\000i\000n\000d\000i\000n\000g\000s}{subsection*.19}% 26
\BOOKMARK [2][-]{subsection*.22}{\376\377\000C\000o\000n\000c\000l\000u\000s\000i\000o\000n\000s}{subsection*.19}% 27
\BOOKMARK [2][-]{subsection*.23}{\376\377\000G\000i\000t\000H\000u\000b\000\040\000R\000e\000p\000o\000s\000i\000t\000o\000r\000y}{subsection*.19}% 28
